start
database created
DJ id: 0
DJ name: DJ RanMan
DJ email: djranman@gmail.com
DJ id: 1
DJ name: DJ Jazzy Jeff
DJ email: jazzyjeff@gmail.com
DJ id: 2
DJ name: Skrillex
DJ email: skrillex@gmail.com
DJ id: 3
DJ name: SleeperCell
DJ email: sleepercell@gmail.com
DJ id: 4
DJ name: DeadMau5
DJ email: deadmau5@gmail.com
start
database created
DJ id: 0
DJ name: DJ RanMan
DJ email: djranman@gmail.com
DJ id: 1
DJ name: DJ Jazzy Jeff
DJ email: jazzyjeff@gmail.com
DJ id: 2
DJ name: Skrillex
DJ email: skrillex@gmail.com
DJ id: 3
DJ name: SleeperCell
DJ email: sleepercell@gmail.com
DJ id: 4
DJ name: DeadMau5
DJ email: deadmau5@gmail.com
start
database created
DJ id: 0
DJ name: DJ RanMan
DJ email: djranman@gmail.com
DJ id: 1
DJ name: DJ Jazzy Jeff
DJ email: jazzyjeff@gmail.com
DJ id: 2
DJ name: Skrillex
DJ email: skrillex@gmail.com
DJ id: 3
DJ name: SleeperCell
DJ email: sleepercell@gmail.com
DJ id: 4
DJ name: DeadMau5
DJ email: deadmau5@gmail.com
start
database created
DJ id: 0
DJ name: DJ RanMan
DJ email: djranman@gmail.com
DJ id: 1
DJ name: DJ Jazzy Jeff
DJ email: jazzyjeff@gmail.com
DJ id: 2
DJ name: Skrillex
DJ email: skrillex@gmail.com
DJ id: 3
DJ name: SleeperCell
DJ email: sleepercell@gmail.com
DJ id: 4
DJ name: DeadMau5
DJ email: deadmau5@gmail.com
start
database created
DJ id: 0
DJ name: DJ RanMan
DJ email: djranman@gmail.com
DJ id: 1
DJ name: DJ Jazzy Jeff
DJ email: jazzyjeff@gmail.com
DJ id: 2
DJ name: Skrillex
DJ email: skrillex@gmail.com
DJ id: 3
DJ name: SleeperCell
DJ email: sleepercell@gmail.com
DJ id: 4
DJ name: DeadMau5
DJ email: deadmau5@gmail.com
start
database created
DJ id: 0
DJ name: DJ RanMan
DJ email: djranman@gmail.com
DJ id: 1
DJ name: DJ Jazzy Jeff
DJ email: jazzyjeff@gmail.com
DJ id: 2
DJ name: Skrillex
DJ email: skrillex@gmail.com
DJ id: 3
DJ name: SleeperCell
DJ email: sleepercell@gmail.com
DJ id: 4
DJ name: DeadMau5
DJ email: deadmau5@gmail.com
start
database created
DJ id: 0
DJ name: DJ RanMan
DJ email: djranman@gmail.com
DJ id: 1
DJ name: DJ Jazzy Jeff
DJ email: jazzyjeff@gmail.com
DJ id: 2
DJ name: Skrillex
DJ email: skrillex@gmail.com
DJ id: 3
DJ name: SleeperCell
DJ email: sleepercell@gmail.com
DJ id: 4
DJ name: DeadMau5
DJ email: deadmau5@gmail.com
start
database created
DJ id: 0
DJ name: DJ RanMan
DJ email: djranman@gmail.com
DJ id: 1
DJ name: DJ Jazzy Jeff
DJ email: jazzyjeff@gmail.com
DJ id: 2
DJ name: Skrillex
DJ email: skrillex@gmail.com
DJ id: 3
DJ name: SleeperCell
DJ email: sleepercell@gmail.com
DJ id: 4
DJ name: DeadMau5
DJ email: deadmau5@gmail.com
start
database created
DJ id: 0
DJ name: DJ RanMan
DJ email: djranman@gmail.com
DJ id: 1
DJ name: DJ Jazzy Jeff
DJ email: jazzyjeff@gmail.com
DJ id: 2
DJ name: Skrillex
DJ email: skrillex@gmail.com
DJ id: 3
DJ name: SleeperCell
DJ email: sleepercell@gmail.com
DJ id: 4
DJ name: DeadMau5
DJ email: deadmau5@gmail.com
start
database created
DJ id: 0
DJ name: DJ RanMan
DJ email: djranman@gmail.com
DJ id: 1
DJ name: DJ Jazzy Jeff
DJ email: jazzyjeff@gmail.com
DJ id: 2
DJ name: Skrillex
DJ email: skrillex@gmail.com
DJ id: 3
DJ name: SleeperCell
DJ email: sleepercell@gmail.com
DJ id: 4
DJ name: DeadMau5
DJ email: deadmau5@gmail.com
start
database created
DJ id: 0
DJ name: DJ RanMan
DJ email: djranman@gmail.com
DJ id: 1
DJ name: DJ Jazzy Jeff
DJ email: jazzyjeff@gmail.com
DJ id: 2
DJ name: Skrillex
DJ email: skrillex@gmail.com
DJ id: 3
DJ name: SleeperCell
DJ email: sleepercell@gmail.com
DJ id: 4
DJ name: DeadMau5
DJ email: deadmau5@gmail.com
start
database created
DJ id: 0
DJ name: DJ RanMan
DJ email: djranman@gmail.com
DJ id: 1
DJ name: DJ Jazzy Jeff
DJ email: jazzyjeff@gmail.com
DJ id: 2
DJ name: Skrillex
DJ email: skrillex@gmail.com
DJ id: 3
DJ name: SleeperCell
DJ email: sleepercell@gmail.com
DJ id: 4
DJ name: DeadMau5
DJ email: deadmau5@gmail.com
