---------------------------------
start: queue_return_songs.php
database created
----------- RETRIEVING SONG -----------
Song id: 3
Song artist: MIKA
Song title: Love Today
Song album: Life in Cartoon Motion
Amount of votes: 16
----------- RETRIEVING SONG -----------
Song id: 2
Song artist: Fun.
Song title: We Are Young
Song album: Some Nights
Amount of votes: 8
----------- RETRIEVING SONG -----------
Song id: 0
Song artist: Janelle Monae
Song title: Many Moons
Song album: Metropolis: The Chase Suite
Amount of votes: 3
---------------------------------
start: queue_save_songs.php
database created
----------- Parameter Introspection -----------
songsToSaveArr length: 3
----------- SAVING SONG 0 -----------
Song id: 3
Queue id: 0
Number of votes: 16
----------- SAVING SONG 1 -----------
Song id: 2
Queue id: 0
Number of votes: 8
----------- SAVING SONG 2 -----------
Song id: 0
Queue id: 0
Number of votes: 3
---------------------------------
start: queue_return_songs.php
database created
----------- RETRIEVING SONG -----------
Song id: 2
Song artist: Fun.
Song title: We Are Young
Song album: Some Nights
Amount of votes: 1
---------------------------------
start: queue_save_songs.php
database created
----------- Parameter Introspection -----------
songsToSaveArr length: 1
----------- SAVING SONG 0 -----------
Song id: 2
Queue id: 4
Number of votes: 1
---------------------------------
start: queue_return_songs.php
database created
---------------------------------
start: queue_return_songs.php
database created
----------- RETRIEVING SONG -----------
Song id: 3
Song artist: MIKA
Song title: Love Today
Song album: Life in Cartoon Motion
Amount of votes: 16
----------- RETRIEVING SONG -----------
Song id: 2
Song artist: Fun.
Song title: We Are Young
Song album: Some Nights
Amount of votes: 8
----------- RETRIEVING SONG -----------
Song id: 0
Song artist: Janelle Monae
Song title: Many Moons
Song album: Metropolis: The Chase Suite
Amount of votes: 3
---------------------------------
start: queue_return_songs.php
database created
----------- RETRIEVING SONG -----------
Song id: 3
Song artist: MIKA
Song title: Love Today
Song album: Life in Cartoon Motion
Amount of votes: 16
----------- RETRIEVING SONG -----------
Song id: 2
Song artist: Fun.
Song title: We Are Young
Song album: Some Nights
Amount of votes: 8
----------- RETRIEVING SONG -----------
Song id: 0
Song artist: Janelle Monae
Song title: Many Moons
Song album: Metropolis: The Chase Suite
Amount of votes: 3
---------------------------------
start: queue_return_songs.php
database created
----------- RETRIEVING SONG -----------
Song id: 3
Song artist: MIKA
Song title: Love Today
Song album: Life in Cartoon Motion
Amount of votes: 16
----------- RETRIEVING SONG -----------
Song id: 2
Song artist: Fun.
Song title: We Are Young
Song album: Some Nights
Amount of votes: 8
----------- RETRIEVING SONG -----------
Song id: 0
Song artist: Janelle Monae
Song title: Many Moons
Song album: Metropolis: The Chase Suite
Amount of votes: 3
---------------------------------
start: queue_return_songs.php
database created
----------- RETRIEVING SONG -----------
Song id: 3
Song artist: MIKA
Song title: Love Today
Song album: Life in Cartoon Motion
Amount of votes: 16
----------- RETRIEVING SONG -----------
Song id: 2
Song artist: Fun.
Song title: We Are Young
Song album: Some Nights
Amount of votes: 8
----------- RETRIEVING SONG -----------
Song id: 0
Song artist: Janelle Monae
Song title: Many Moons
Song album: Metropolis: The Chase Suite
Amount of votes: 3
---------------------------------
start: queue_return_songs.php
database created
----------- RETRIEVING SONG -----------
Song id: 3
Song artist: MIKA
Song title: Love Today
Song album: Life in Cartoon Motion
Amount of votes: 16
----------- RETRIEVING SONG -----------
Song id: 2
Song artist: Fun.
Song title: We Are Young
Song album: Some Nights
Amount of votes: 8
----------- RETRIEVING SONG -----------
Song id: 0
Song artist: Janelle Monae
Song title: Many Moons
Song album: Metropolis: The Chase Suite
Amount of votes: 3
