start
search text: a
escaped search text: a
database created
Song id: 0
Song artist: Janelle Monae
Song title: Many Moons
Song album: Metropolis: The Chase Suite
Song votes: 
Song id: 2
Song artist: Fun.
Song title: We Are Young
Song album: Some Nights
Song votes: 
Song id: 3
Song artist: MIKA
Song title: Love Today
Song album: Life in Cartoon Motion
Song votes: 
Song id: 4
Song artist: Jessie J
Song title: Domino
Song album: Who You Are
Song votes: 
start
search text: a
escaped search text: a
database created
Song id: 0
Song artist: Janelle Monae
Song title: Many Moons
Song album: Metropolis: The Chase Suite
Song votes: 
Song id: 2
Song artist: Fun.
Song title: We Are Young
Song album: Some Nights
Song votes: 
Song id: 3
Song artist: MIKA
Song title: Love Today
Song album: Life in Cartoon Motion
Song votes: 
Song id: 4
Song artist: Jessie J
Song title: Domino
Song album: Who You Are
Song votes: 
start
search text: moons
escaped search text: moons
database created
Song id: 0
Song artist: Janelle Monae
Song title: Many Moons
Song album: Metropolis: The Chase Suite
Song votes: 
start
search text: a
escaped search text: a
database created
Song id: 0
Song artist: Janelle Monae
Song title: Many Moons
Song album: Metropolis: The Chase Suite
Song votes: 
Song id: 2
Song artist: Fun.
Song title: We Are Young
Song album: Some Nights
Song votes: 
Song id: 3
Song artist: MIKA
Song title: Love Today
Song album: Life in Cartoon Motion
Song votes: 
Song id: 4
Song artist: Jessie J
Song title: Domino
Song album: Who You Are
Song votes: 
start
search text: fun
escaped search text: fun
database created
Song id: 1
Song artist: Fun.
Song title: Some Nights
Song album: Some Nights
Song votes: 
Song id: 2
Song artist: Fun.
Song title: We Are Young
Song album: Some Nights
Song votes: 
start
search text: face
escaped search text: face
database created
start
search text: a
escaped search text: a
database created
Song id: 0
Song artist: Janelle Monae
Song title: Many Moons
Song album: Metropolis: The Chase Suite
Song votes: 
Song id: 2
Song artist: Fun.
Song title: We Are Young
Song album: Some Nights
Song votes: 
Song id: 3
Song artist: MIKA
Song title: Love Today
Song album: Life in Cartoon Motion
Song votes: 
Song id: 4
Song artist: Jessie J
Song title: Domino
Song album: Who You Are
Song votes: 
start
search text: f
escaped search text: f
database created
Song id: 1
Song artist: Fun.
Song title: Some Nights
Song album: Some Nights
Song votes: 
Song id: 2
Song artist: Fun.
Song title: We Are Young
Song album: Some Nights
Song votes: 
Song id: 3
Song artist: MIKA
Song title: Love Today
Song album: Life in Cartoon Motion
Song votes: 
---------------------------------
start: song_find_by_id.php
song id: 1
escaped song id: 1
database created
Song id: 1
Song artist: Fun.
Song title: Some Nights
Song album: Some Nights
